<?xml version="1.0" encoding="UTF-8"?>
<testsuites>
  <testsuite name="" tests="10" assertions="10" errors="0" warnings="0" failures="0" skipped="0" time="28.812489">
    <testsuite name="library-ae-customfield" tests="10" assertions="10" errors="0" warnings="0" failures="0" skipped="0" time="28.812489">
      <testsuite name="AE\Library\CustomField\Helper\Tests\DynamicCustomFieldInferenceTest" file="/home/alexandree/Common/Extensions/woluweb/plg_system_chocofields/src/libraries/AE/Library/CustomField/Helper/Tests/DynamicCustomFieldInferenceTest.php" tests="6" assertions="6" errors="0" warnings="0" failures="0" skipped="0" time="0.002969">
        <testcase name="test__invoke_with_text_value_with_more_than_255_chars_and_less_than_400_chars" class="AE\Library\CustomField\Helper\Tests\DynamicCustomFieldInferenceTest" classname="AE.Library.CustomField.Helper.Tests.DynamicCustomFieldInferenceTest" file="/home/alexandree/Common/Extensions/woluweb/plg_system_chocofields/src/libraries/AE/Library/CustomField/Helper/Tests/DynamicCustomFieldInferenceTest.php" line="102" assertions="1" time="0.002287"/>
        <testcase name="test__invoke_with_integer_value" class="AE\Library\CustomField\Helper\Tests\DynamicCustomFieldInferenceTest" classname="AE.Library.CustomField.Helper.Tests.DynamicCustomFieldInferenceTest" file="/home/alexandree/Common/Extensions/woluweb/plg_system_chocofields/src/libraries/AE/Library/CustomField/Helper/Tests/DynamicCustomFieldInferenceTest.php" line="68" assertions="1" time="0.000129"/>
        <testcase name="test__invoke_with_flatten_string_key_with_numeric_part" class="AE\Library\CustomField\Helper\Tests\DynamicCustomFieldInferenceTest" classname="AE.Library.CustomField.Helper.Tests.DynamicCustomFieldInferenceTest" file="/home/alexandree/Common/Extensions/woluweb/plg_system_chocofields/src/libraries/AE/Library/CustomField/Helper/Tests/DynamicCustomFieldInferenceTest.php" line="34" assertions="1" time="0.000123"/>
        <testcase name="test__invoke_with_float_value" class="AE\Library\CustomField\Helper\Tests\DynamicCustomFieldInferenceTest" classname="AE.Library.CustomField.Helper.Tests.DynamicCustomFieldInferenceTest" file="/home/alexandree/Common/Extensions/woluweb/plg_system_chocofields/src/libraries/AE/Library/CustomField/Helper/Tests/DynamicCustomFieldInferenceTest.php" line="51" assertions="1" time="0.000138"/>
        <testcase name="test__invoke_with_text_value_with_less_than_255_chars" class="AE\Library\CustomField\Helper\Tests\DynamicCustomFieldInferenceTest" classname="AE.Library.CustomField.Helper.Tests.DynamicCustomFieldInferenceTest" file="/home/alexandree/Common/Extensions/woluweb/plg_system_chocofields/src/libraries/AE/Library/CustomField/Helper/Tests/DynamicCustomFieldInferenceTest.php" line="85" assertions="1" time="0.000136"/>
        <testcase name="test__invoke_with_text_value_with_more_than_400_chars" class="AE\Library\CustomField\Helper\Tests\DynamicCustomFieldInferenceTest" classname="AE.Library.CustomField.Helper.Tests.DynamicCustomFieldInferenceTest" file="/home/alexandree/Common/Extensions/woluweb/plg_system_chocofields/src/libraries/AE/Library/CustomField/Helper/Tests/DynamicCustomFieldInferenceTest.php" line="119" assertions="1" time="0.000158"/>
      </testsuite>
      <testsuite name="AE\Library\CustomField\Helper\Tests\DynamicMappingTest" file="/home/alexandree/Common/Extensions/woluweb/plg_system_chocofields/src/libraries/AE/Library/CustomField/Helper/Tests/DynamicMappingTest.php" tests="1" assertions="1" errors="0" warnings="0" failures="0" skipped="0" time="28.808287">
        <testcase name="testPrefillRemoteFieldsWithValidDataReturnsNonEmptyArray" class="AE\Library\CustomField\Helper\Tests\DynamicMappingTest" classname="AE.Library.CustomField.Helper.Tests.DynamicMappingTest" file="/home/alexandree/Common/Extensions/woluweb/plg_system_chocofields/src/libraries/AE/Library/CustomField/Helper/Tests/DynamicMappingTest.php" line="51" assertions="1" time="28.808287"/>
      </testsuite>
      <testsuite name="AE\Library\CustomField\Util\Tests\UtilTest" file="/home/alexandree/Common/Extensions/woluweb/plg_system_chocofields/src/libraries/AE/Library/CustomField/Util/Tests/UtilTest.php" tests="3" assertions="3" errors="0" warnings="0" failures="0" skipped="0" time="0.001233">
        <testcase name="testGetJsonArrayWithCachedApiJsonFile" class="AE\Library\CustomField\Util\Tests\UtilTest" classname="AE.Library.CustomField.Util.Tests.UtilTest" file="/home/alexandree/Common/Extensions/woluweb/plg_system_chocofields/src/libraries/AE/Library/CustomField/Util/Tests/UtilTest.php" line="356" assertions="1" time="0.000461"/>
        <testcase name="testFlattenAssocArrayReturnsValidData" class="AE\Library\CustomField\Util\Tests\UtilTest" classname="AE.Library.CustomField.Util.Tests.UtilTest" file="/home/alexandree/Common/Extensions/woluweb/plg_system_chocofields/src/libraries/AE/Library/CustomField/Util/Tests/UtilTest.php" line="36" assertions="1" time="0.000448"/>
        <testcase name="testFlatten5LevelsDeepAssocArrayReturnsValidData" class="AE\Library\CustomField\Util\Tests\UtilTest" classname="AE.Library.CustomField.Util.Tests.UtilTest" file="/home/alexandree/Common/Extensions/woluweb/plg_system_chocofields/src/libraries/AE/Library/CustomField/Util/Tests/UtilTest.php" line="298" assertions="1" time="0.000324"/>
      </testsuite>
    </testsuite>
  </testsuite>
</testsuites>
