<?xml version="1.0" encoding="UTF-8"?>
<testsuites>
  <testsuite name="" tests="10" assertions="10" errors="0" warnings="0" failures="0" skipped="0" time="41.452207">
    <testsuite name="library-ae-customfield" tests="10" assertions="10" errors="0" warnings="0" failures="0" skipped="0" time="41.452207">
      <testsuite name="AE\Library\CustomField\Helper\Tests\DynamicCustomFieldInferenceTest" file="/home/alexandree/Common/Extensions/woluweb/updatecf/src/libraries/AE/Library/CustomField/Helper/Tests/DynamicCustomFieldInferenceTest.php" tests="6" assertions="6" errors="0" warnings="0" failures="0" skipped="0" time="0.005793">
        <testcase name="test__invoke_with_integer_value" class="AE\Library\CustomField\Helper\Tests\DynamicCustomFieldInferenceTest" classname="AE.Library.CustomField.Helper.Tests.DynamicCustomFieldInferenceTest" file="/home/alexandree/Common/Extensions/woluweb/updatecf/src/libraries/AE/Library/CustomField/Helper/Tests/DynamicCustomFieldInferenceTest.php" line="68" assertions="1" time="0.003116"/>
        <testcase name="test__invoke_with_text_value_with_more_than_255_chars_and_less_than_400_chars" class="AE\Library\CustomField\Helper\Tests\DynamicCustomFieldInferenceTest" classname="AE.Library.CustomField.Helper.Tests.DynamicCustomFieldInferenceTest" file="/home/alexandree/Common/Extensions/woluweb/updatecf/src/libraries/AE/Library/CustomField/Helper/Tests/DynamicCustomFieldInferenceTest.php" line="102" assertions="1" time="0.000535"/>
        <testcase name="test__invoke_with_flatten_string_key_with_numeric_part" class="AE\Library\CustomField\Helper\Tests\DynamicCustomFieldInferenceTest" classname="AE.Library.CustomField.Helper.Tests.DynamicCustomFieldInferenceTest" file="/home/alexandree/Common/Extensions/woluweb/updatecf/src/libraries/AE/Library/CustomField/Helper/Tests/DynamicCustomFieldInferenceTest.php" line="34" assertions="1" time="0.000536"/>
        <testcase name="test__invoke_with_float_value" class="AE\Library\CustomField\Helper\Tests\DynamicCustomFieldInferenceTest" classname="AE.Library.CustomField.Helper.Tests.DynamicCustomFieldInferenceTest" file="/home/alexandree/Common/Extensions/woluweb/updatecf/src/libraries/AE/Library/CustomField/Helper/Tests/DynamicCustomFieldInferenceTest.php" line="51" assertions="1" time="0.000524"/>
        <testcase name="test__invoke_with_text_value_with_less_than_255_chars" class="AE\Library\CustomField\Helper\Tests\DynamicCustomFieldInferenceTest" classname="AE.Library.CustomField.Helper.Tests.DynamicCustomFieldInferenceTest" file="/home/alexandree/Common/Extensions/woluweb/updatecf/src/libraries/AE/Library/CustomField/Helper/Tests/DynamicCustomFieldInferenceTest.php" line="85" assertions="1" time="0.000512"/>
        <testcase name="test__invoke_with_text_value_with_more_than_400_chars" class="AE\Library\CustomField\Helper\Tests\DynamicCustomFieldInferenceTest" classname="AE.Library.CustomField.Helper.Tests.DynamicCustomFieldInferenceTest" file="/home/alexandree/Common/Extensions/woluweb/updatecf/src/libraries/AE/Library/CustomField/Helper/Tests/DynamicCustomFieldInferenceTest.php" line="119" assertions="1" time="0.000568"/>
      </testsuite>
      <testsuite name="AE\Library\CustomField\Helper\Tests\DynamicMappingTest" file="/home/alexandree/Common/Extensions/woluweb/updatecf/src/libraries/AE/Library/CustomField/Helper/Tests/DynamicMappingTest.php" tests="1" assertions="1" errors="0" warnings="0" failures="0" skipped="0" time="41.444400">
        <testcase name="testPrefillRemoteFieldsWithValidDataReturnsNonEmptyArray" class="AE\Library\CustomField\Helper\Tests\DynamicMappingTest" classname="AE.Library.CustomField.Helper.Tests.DynamicMappingTest" file="/home/alexandree/Common/Extensions/woluweb/updatecf/src/libraries/AE/Library/CustomField/Helper/Tests/DynamicMappingTest.php" line="49" assertions="1" time="41.444400"/>
      </testsuite>
      <testsuite name="AE\Library\CustomField\Util\Tests\UtilTest" file="/home/alexandree/Common/Extensions/woluweb/updatecf/src/libraries/AE/Library/CustomField/Util/Tests/UtilTest.php" tests="3" assertions="3" errors="0" warnings="0" failures="0" skipped="0" time="0.002014">
        <testcase name="testGetJsonArrayWithCachedApiJsonFile" class="AE\Library\CustomField\Util\Tests\UtilTest" classname="AE.Library.CustomField.Util.Tests.UtilTest" file="/home/alexandree/Common/Extensions/woluweb/updatecf/src/libraries/AE/Library/CustomField/Util/Tests/UtilTest.php" line="356" assertions="1" time="0.000526"/>
        <testcase name="testFlattenAssocArrayReturnsValidData" class="AE\Library\CustomField\Util\Tests\UtilTest" classname="AE.Library.CustomField.Util.Tests.UtilTest" file="/home/alexandree/Common/Extensions/woluweb/updatecf/src/libraries/AE/Library/CustomField/Util/Tests/UtilTest.php" line="38" assertions="1" time="0.000852"/>
        <testcase name="testFlatten5LevelsDeepAssocArrayReturnsValidData" class="AE\Library\CustomField\Util\Tests\UtilTest" classname="AE.Library.CustomField.Util.Tests.UtilTest" file="/home/alexandree/Common/Extensions/woluweb/updatecf/src/libraries/AE/Library/CustomField/Util/Tests/UtilTest.php" line="300" assertions="1" time="0.000636"/>
      </testsuite>
    </testsuite>
  </testsuite>
</testsuites>
